[    26.734] (--) Log file renamed from "/home/student/.local/share/xorg/Xorg.pid-852.log" to "/home/student/.local/share/xorg/Xorg.0.log"
[    26.734] 
X.Org X Server 1.19.6
Release Date: 2017-12-20
[    26.734] X Protocol Version 11, Revision 0
[    26.734] Build Operating System: Linux 4.4.0-138-generic x86_64 Ubuntu
[    26.734] Current Operating System: Linux student-ThinkCentre-A70 4.15.0-42-generic #45-Ubuntu SMP Thu Nov 15 19:32:57 UTC 2018 x86_64
[    26.734] Kernel command line: BOOT_IMAGE=/boot/vmlinuz-4.15.0-42-generic root=UUID=11212882-c2af-4726-97c8-2e255fb3a165 ro quiet splash vt.handoff=1
[    26.735] Build Date: 25 October 2018  04:11:27PM
[    26.735] xorg-server 2:1.19.6-1ubuntu4.2 (For technical support please see http://www.ubuntu.com/support) 
[    26.735] Current version of pixman: 0.34.0
[    26.735] 	Before reporting problems, check http://wiki.x.org
	to make sure that you have the latest version.
[    26.735] Markers: (--) probed, (**) from config file, (==) default setting,
	(++) from command line, (!!) notice, (II) informational,
	(WW) warning, (EE) error, (NI) not implemented, (??) unknown.
[    26.735] (==) Log file: "/home/student/.local/share/xorg/Xorg.0.log", Time: Sat Dec 22 09:54:46 2018
[    26.757] (==) Using system config directory "/usr/share/X11/xorg.conf.d"
[    26.758] (==) No Layout section.  Using the first Screen section.
[    26.758] (==) No screen section available. Using defaults.
[    26.758] (**) |-->Screen "Default Screen Section" (0)
[    26.758] (**) |   |-->Monitor "<default monitor>"
[    26.758] (==) No monitor specified for screen "Default Screen Section".
	Using a default monitor configuration.
[    26.758] (==) Automatically adding devices
[    26.758] (==) Automatically enabling devices
[    26.758] (==) Automatically adding GPU devices
[    26.758] (==) Automatically binding GPU devices
[    26.758] (==) Max clients allowed: 256, resource mask: 0x1fffff
[    26.758] (WW) The directory "/usr/share/fonts/X11/cyrillic" does not exist.
[    26.758] 	Entry deleted from font path.
[    26.758] (WW) The directory "/usr/share/fonts/X11/100dpi/" does not exist.
[    26.758] 	Entry deleted from font path.
[    26.758] (WW) The directory "/usr/share/fonts/X11/75dpi/" does not exist.
[    26.758] 	Entry deleted from font path.
[    26.758] (WW) The directory "/usr/share/fonts/X11/100dpi" does not exist.
[    26.758] 	Entry deleted from font path.
[    26.758] (WW) The directory "/usr/share/fonts/X11/75dpi" does not exist.
[    26.758] 	Entry deleted from font path.
[    26.758] (==) FontPath set to:
	/usr/share/fonts/X11/misc,
	/usr/share/fonts/X11/Type1,
	built-ins
[    26.758] (==) ModulePath set to "/usr/lib/xorg/modules"
[    26.758] (II) The server relies on udev to provide the list of input devices.
	If no devices become available, reconfigure udev or disable AutoAddDevices.
[    26.758] (II) Loader magic: 0x55bf8f5c4020
[    26.758] (II) Module ABI versions:
[    26.758] 	X.Org ANSI C Emulation: 0.4
[    26.758] 	X.Org Video Driver: 23.0
[    26.758] 	X.Org XInput driver : 24.1
[    26.758] 	X.Org Server Extension : 10.0
[    26.759] (++) using VT number 1

[    26.762] (II) systemd-logind: took control of session /org/freedesktop/login1/session/_31
[    26.762] (II) xfree86: Adding drm device (/dev/dri/card0)
[    26.763] (II) systemd-logind: got fd for /dev/dri/card0 226:0 fd 12 paused 0
[    26.765] (--) PCI:*(0:0:2:0) 8086:2e32:17aa:306b rev 3, Mem @ 0xfe400000/4194304, 0xd0000000/268435456, I/O @ 0x0000dc00/8, BIOS @ 0x????????/131072
[    26.765] (II) LoadModule: "glx"
[    26.766] (II) Loading /usr/lib/xorg/modules/extensions/libglx.so
[    26.836] (II) Module glx: vendor="X.Org Foundation"
[    26.836] 	compiled for 1.19.6, module version = 1.0.0
[    26.836] 	ABI class: X.Org Server Extension, version 10.0
[    26.836] (==) Matched modesetting as autoconfigured driver 0
[    26.836] (==) Matched fbdev as autoconfigured driver 1
[    26.836] (==) Matched vesa as autoconfigured driver 2
[    26.836] (==) Assigned the driver to the xf86ConfigLayout
[    26.836] (II) LoadModule: "modesetting"
[    26.837] (II) Loading /usr/lib/xorg/modules/drivers/modesetting_drv.so
[    26.837] (II) Module modesetting: vendor="X.Org Foundation"
[    26.837] 	compiled for 1.19.6, module version = 1.19.6
[    26.837] 	Module class: X.Org Video Driver
[    26.837] 	ABI class: X.Org Video Driver, version 23.0
[    26.837] (II) LoadModule: "fbdev"
[    26.837] (II) Loading /usr/lib/xorg/modules/drivers/fbdev_drv.so
[    26.837] (II) Module fbdev: vendor="X.Org Foundation"
[    26.837] 	compiled for 1.19.3, module version = 0.4.4
[    26.837] 	Module class: X.Org Video Driver
[    26.837] 	ABI class: X.Org Video Driver, version 23.0
[    26.837] (II) LoadModule: "vesa"
[    26.837] (II) Loading /usr/lib/xorg/modules/drivers/vesa_drv.so
[    26.837] (II) Module vesa: vendor="X.Org Foundation"
[    26.837] 	compiled for 1.19.3, module version = 2.3.4
[    26.837] 	Module class: X.Org Video Driver
[    26.837] 	ABI class: X.Org Video Driver, version 23.0
[    26.837] (II) modesetting: Driver for Modesetting Kernel Drivers: kms
[    26.837] (II) FBDEV: driver for framebuffer: fbdev
[    26.837] (II) VESA: driver for VESA chipsets: vesa
[    26.837] xf86EnableIOPorts: failed to set IOPL for I/O (Operation not permitted)
[    26.837] (II) modeset(0): using drv /dev/dri/card0
[    26.837] (WW) Falling back to old probe method for fbdev
[    26.837] (II) Loading sub module "fbdevhw"
[    26.837] (II) LoadModule: "fbdevhw"
[    26.838] (II) Loading /usr/lib/xorg/modules/libfbdevhw.so
[    26.838] (II) Module fbdevhw: vendor="X.Org Foundation"
[    26.838] 	compiled for 1.19.6, module version = 0.0.2
[    26.838] 	ABI class: X.Org Video Driver, version 23.0
[    26.838] (EE) open /dev/fb0: Permission denied
[    26.838] (WW) Falling back to old probe method for vesa
[    26.838] (WW) VGA arbiter: cannot open kernel arbiter, no multi-card support
[    26.838] (II) modeset(0): Creating default Display subsection in Screen section
	"Default Screen Section" for depth/fbbpp 24/32
[    26.838] (==) modeset(0): Depth 24, (==) framebuffer bpp 32
[    26.838] (==) modeset(0): RGB weight 888
[    26.838] (==) modeset(0): Default visual is TrueColor
[    26.838] (II) Loading sub module "glamoregl"
[    26.838] (II) LoadModule: "glamoregl"
[    26.838] (II) Loading /usr/lib/xorg/modules/libglamoregl.so
[    26.906] (II) Module glamoregl: vendor="X.Org Foundation"
[    26.906] 	compiled for 1.19.6, module version = 1.0.0
[    26.907] 	ABI class: X.Org ANSI C Emulation, version 0.4
[    26.907] (II) glamor: OpenGL accelerated X.org driver based.
[    27.052] (II) glamor: EGL version 1.4 (DRI2):
[    27.073] (II) modeset(0): glamor initialized
[    27.135] (II) modeset(0): Output VGA-1 has no monitor section
[    27.202] (II) modeset(0): EDID for output VGA-1
[    27.202] (II) modeset(0): Manufacturer: ACI  Model: 22d1  Serial#: 170986
[    27.202] (II) modeset(0): Year: 2008  Week: 13
[    27.202] (II) modeset(0): EDID Version: 1.3
[    27.202] (II) modeset(0): Analog Display Input,  Input Voltage Level: 0.700/0.700 V
[    27.202] (II) modeset(0): Sync:  Separate
[    27.202] (II) modeset(0): Max Image Size [cm]: horiz.: 47  vert.: 30
[    27.202] (II) modeset(0): Gamma: 2.20
[    27.202] (II) modeset(0): DPMS capabilities: Off; RGB/Color Display
[    27.203] (II) modeset(0): First detailed timing is preferred mode
[    27.203] (II) modeset(0): redX: 0.644 redY: 0.332   greenX: 0.286 greenY: 0.601
[    27.203] (II) modeset(0): blueX: 0.152 blueY: 0.076   whiteX: 0.312 whiteY: 0.328
[    27.203] (II) modeset(0): Supported established timings:
[    27.203] (II) modeset(0): 720x400@70Hz
[    27.203] (II) modeset(0): 640x480@60Hz
[    27.203] (II) modeset(0): 640x480@67Hz
[    27.203] (II) modeset(0): 640x480@72Hz
[    27.203] (II) modeset(0): 640x480@75Hz
[    27.203] (II) modeset(0): 800x600@56Hz
[    27.203] (II) modeset(0): 800x600@60Hz
[    27.203] (II) modeset(0): 800x600@72Hz
[    27.203] (II) modeset(0): 800x600@75Hz
[    27.203] (II) modeset(0): 832x624@75Hz
[    27.203] (II) modeset(0): 1024x768@60Hz
[    27.203] (II) modeset(0): 1024x768@70Hz
[    27.203] (II) modeset(0): 1024x768@75Hz
[    27.203] (II) modeset(0): 1280x1024@75Hz
[    27.203] (II) modeset(0): Manufacturer's mask: 0
[    27.203] (II) modeset(0): Supported standard timings:
[    27.203] (II) modeset(0): #0: hsize: 1152  vsize 864  refresh: 75  vid: 20337
[    27.203] (II) modeset(0): #1: hsize: 1280  vsize 960  refresh: 60  vid: 16513
[    27.203] (II) modeset(0): #2: hsize: 1280  vsize 1024  refresh: 60  vid: 32897
[    27.203] (II) modeset(0): #3: hsize: 1440  vsize 900  refresh: 60  vid: 149
[    27.203] (II) modeset(0): #4: hsize: 1680  vsize 1050  refresh: 60  vid: 179
[    27.203] (II) modeset(0): #5: hsize: 1280  vsize 800  refresh: 60  vid: 129
[    27.203] (II) modeset(0): Supported detailed timing:
[    27.203] (II) modeset(0): clock: 146.0 MHz   Image Size:  473 x 296 mm
[    27.203] (II) modeset(0): h_active: 1680  h_sync: 1960  h_sync_end 2136 h_blank_end 2240 h_border: 0
[    27.203] (II) modeset(0): v_active: 1050  v_sync: 1053  v_sync_end 1059 v_blanking: 1089 v_border: 0
[    27.203] (II) modeset(0): Serial No: 83LMTF170986
[    27.203] (II) modeset(0): Ranges: V min: 55 V max: 75 Hz, H min: 30 H max: 85 kHz, PixClock max 165 MHz
[    27.203] (II) modeset(0): Monitor name: ASUS VK221
[    27.203] (II) modeset(0): EDID (in hex):
[    27.203] (II) modeset(0): 	00ffffffffffff000469d122ea9b0200
[    27.203] (II) modeset(0): 	0d120103682f1e782ac720a455499927
[    27.203] (II) modeset(0): 	135054bfef00714f814081809500b300
[    27.203] (II) modeset(0): 	81000101010108399030621a274018b0
[    27.203] (II) modeset(0): 	3640d9281100001c000000ff0038334c
[    27.203] (II) modeset(0): 	4d54463137303938360a000000fd0037
[    27.203] (II) modeset(0): 	4b1e5510000a202020202020000000fc
[    27.203] (II) modeset(0): 	004153555320564b3232310a2020002e
[    27.204] (II) modeset(0): Printing probed modes for output VGA-1
[    27.204] (II) modeset(0): Modeline "1680x1050"x59.9  146.00  1680 1960 2136 2240  1050 1053 1059 1089 -hsync +vsync (65.2 kHz eP)
[    27.204] (II) modeset(0): Modeline "1280x1024"x75.0  135.00  1280 1296 1440 1688  1024 1025 1028 1066 +hsync +vsync (80.0 kHz e)
[    27.204] (II) modeset(0): Modeline "1280x1024"x60.0  108.00  1280 1328 1440 1688  1024 1025 1028 1066 +hsync +vsync (64.0 kHz e)
[    27.204] (II) modeset(0): Modeline "1440x900"x59.9  106.50  1440 1520 1672 1904  900 903 909 934 -hsync +vsync (55.9 kHz e)
[    27.204] (II) modeset(0): Modeline "1280x960"x60.0  108.00  1280 1376 1488 1800  960 961 964 1000 +hsync +vsync (60.0 kHz e)
[    27.204] (II) modeset(0): Modeline "1280x800"x59.8   83.50  1280 1352 1480 1680  800 803 809 831 -hsync +vsync (49.7 kHz e)
[    27.204] (II) modeset(0): Modeline "1152x864"x75.0  108.00  1152 1216 1344 1600  864 865 868 900 +hsync +vsync (67.5 kHz e)
[    27.204] (II) modeset(0): Modeline "1024x768"x75.0   78.75  1024 1040 1136 1312  768 769 772 800 +hsync +vsync (60.0 kHz e)
[    27.204] (II) modeset(0): Modeline "1024x768"x70.1   75.00  1024 1048 1184 1328  768 771 777 806 -hsync -vsync (56.5 kHz e)
[    27.204] (II) modeset(0): Modeline "1024x768"x60.0   65.00  1024 1048 1184 1344  768 771 777 806 -hsync -vsync (48.4 kHz e)
[    27.204] (II) modeset(0): Modeline "832x624"x74.6   57.28  832 864 928 1152  624 625 628 667 -hsync -vsync (49.7 kHz e)
[    27.204] (II) modeset(0): Modeline "800x600"x72.2   50.00  800 856 976 1040  600 637 643 666 +hsync +vsync (48.1 kHz e)
[    27.204] (II) modeset(0): Modeline "800x600"x75.0   49.50  800 816 896 1056  600 601 604 625 +hsync +vsync (46.9 kHz e)
[    27.204] (II) modeset(0): Modeline "800x600"x60.3   40.00  800 840 968 1056  600 601 605 628 +hsync +vsync (37.9 kHz e)
[    27.204] (II) modeset(0): Modeline "800x600"x56.2   36.00  800 824 896 1024  600 601 603 625 +hsync +vsync (35.2 kHz e)
[    27.204] (II) modeset(0): Modeline "640x480"x75.0   31.50  640 656 720 840  480 481 484 500 -hsync -vsync (37.5 kHz e)
[    27.204] (II) modeset(0): Modeline "640x480"x72.8   31.50  640 664 704 832  480 489 492 520 -hsync -vsync (37.9 kHz e)
[    27.204] (II) modeset(0): Modeline "640x480"x66.7   30.24  640 704 768 864  480 483 486 525 -hsync -vsync (35.0 kHz e)
[    27.204] (II) modeset(0): Modeline "640x480"x59.9   25.18  640 656 752 800  480 490 492 525 -hsync -vsync (31.5 kHz e)
[    27.204] (II) modeset(0): Modeline "720x400"x70.1   28.32  720 738 846 900  400 412 414 449 -hsync +vsync (31.5 kHz e)
[    27.204] (II) modeset(0): Output VGA-1 connected
[    27.204] (II) modeset(0): Using exact sizes for initial modes
[    27.204] (II) modeset(0): Output VGA-1 using initial mode 1680x1050 +0+0
[    27.204] (==) modeset(0): Using gamma correction (1.0, 1.0, 1.0)
[    27.204] (==) modeset(0): DPI set to (96, 96)
[    27.204] (II) Loading sub module "fb"
[    27.204] (II) LoadModule: "fb"
[    27.204] (II) Loading /usr/lib/xorg/modules/libfb.so
[    27.205] (II) Module fb: vendor="X.Org Foundation"
[    27.205] 	compiled for 1.19.6, module version = 1.0.0
[    27.205] 	ABI class: X.Org ANSI C Emulation, version 0.4
[    27.205] (II) UnloadModule: "fbdev"
[    27.205] (II) Unloading fbdev
[    27.205] (II) UnloadSubModule: "fbdevhw"
[    27.205] (II) Unloading fbdevhw
[    27.205] (II) UnloadModule: "vesa"
[    27.205] (II) Unloading vesa
[    27.205] (==) Depth 24 pixmap format is 32 bpp
[    27.400] (==) modeset(0): Backing store enabled
[    27.400] (==) modeset(0): Silken mouse enabled
[    27.400] (II) modeset(0): RandR 1.2 enabled, ignore the following RandR disabled message.
[    27.413] (==) modeset(0): DPMS enabled
[    27.413] (II) modeset(0): [DRI2] Setup complete
[    27.413] (II) modeset(0): [DRI2]   DRI driver: i965
[    27.413] (II) modeset(0): [DRI2]   VDPAU driver: i965
[    27.413] (--) RandR disabled
[    27.425] (II) SELinux: Disabled on system
[    27.432] (II) AIGLX: enabled GLX_MESA_copy_sub_buffer
[    27.432] (II) AIGLX: enabled GLX_ARB_create_context
[    27.432] (II) AIGLX: enabled GLX_ARB_create_context_profile
[    27.433] (II) AIGLX: enabled GLX_EXT_create_context_es{,2}_profile
[    27.433] (II) AIGLX: enabled GLX_INTEL_swap_event
[    27.433] (II) AIGLX: enabled GLX_SGI_swap_control
[    27.433] (II) AIGLX: enabled GLX_EXT_framebuffer_sRGB
[    27.433] (II) AIGLX: enabled GLX_ARB_fbconfig_float
[    27.433] (II) AIGLX: enabled GLX_EXT_fbconfig_packed_float
[    27.433] (II) AIGLX: GLX_EXT_texture_from_pixmap backed by buffer objects
[    27.433] (II) AIGLX: Loaded and initialized i965
[    27.433] (II) GLX: Initialized DRI2 GL provider for screen 0
[    27.435] (II) modeset(0): Damage tracking initialized
[    27.435] (II) modeset(0): Setting screen physical size to 444 x 277
[    27.521] (II) config/udev: Adding input device Power Button (/dev/input/event1)
[    27.521] (**) Power Button: Applying InputClass "libinput keyboard catchall"
[    27.521] (II) LoadModule: "libinput"
[    27.521] (II) Loading /usr/lib/xorg/modules/input/libinput_drv.so
[    27.550] (II) Module libinput: vendor="X.Org Foundation"
[    27.550] 	compiled for 1.19.6, module version = 0.27.1
[    27.550] 	Module class: X.Org XInput Driver
[    27.550] 	ABI class: X.Org XInput driver, version 24.1
[    27.550] (II) Using input driver 'libinput' for 'Power Button'
[    27.551] (II) systemd-logind: got fd for /dev/input/event1 13:65 fd 21 paused 0
[    27.552] (**) Power Button: always reports core events
[    27.552] (**) Option "Device" "/dev/input/event1"
[    27.553] (**) Option "_source" "server/udev"
[    27.553] (II) event1  - Power Button: is tagged by udev as: Keyboard
[    27.553] (II) event1  - Power Button: device is a keyboard
[    27.554] (II) event1  - Power Button: device removed
[    27.554] (**) Option "config_info" "udev:/sys/devices/LNXSYSTM:00/LNXPWRBN:00/input/input1/event1"
[    27.554] (II) XINPUT: Adding extended input device "Power Button" (type: KEYBOARD, id 6)
[    27.554] (**) Option "xkb_layout" "us,ru"
[    27.554] (**) Option "xkb_variant" ","
[    27.585] (II) event1  - Power Button: is tagged by udev as: Keyboard
[    27.585] (II) event1  - Power Button: device is a keyboard
[    27.586] (II) config/udev: Adding input device Power Button (/dev/input/event0)
[    27.586] (**) Power Button: Applying InputClass "libinput keyboard catchall"
[    27.586] (II) Using input driver 'libinput' for 'Power Button'
[    27.587] (II) systemd-logind: got fd for /dev/input/event0 13:64 fd 24 paused 0
[    27.587] (**) Power Button: always reports core events
[    27.587] (**) Option "Device" "/dev/input/event0"
[    27.587] (**) Option "_source" "server/udev"
[    27.588] (II) event0  - Power Button: is tagged by udev as: Keyboard
[    27.588] (II) event0  - Power Button: device is a keyboard
[    27.589] (II) event0  - Power Button: device removed
[    27.589] (**) Option "config_info" "udev:/sys/devices/LNXSYSTM:00/LNXSYBUS:00/PNP0C0C:00/input/input0/event0"
[    27.589] (II) XINPUT: Adding extended input device "Power Button" (type: KEYBOARD, id 7)
[    27.589] (**) Option "xkb_layout" "us,ru"
[    27.589] (**) Option "xkb_variant" ","
[    27.590] (II) event0  - Power Button: is tagged by udev as: Keyboard
[    27.590] (II) event0  - Power Button: device is a keyboard
[    27.591] (II) config/udev: Adding input device HDA Intel Line (/dev/input/event7)
[    27.591] (II) No input driver specified, ignoring this device.
[    27.591] (II) This device may have been added with another device file.
[    27.591] (II) config/udev: Adding input device HDA Intel Line Out (/dev/input/event8)
[    27.591] (II) No input driver specified, ignoring this device.
[    27.591] (II) This device may have been added with another device file.
[    27.592] (II) config/udev: Adding input device HDA Intel Front Headphone (/dev/input/event9)
[    27.592] (II) No input driver specified, ignoring this device.
[    27.592] (II) This device may have been added with another device file.
[    27.593] (II) config/udev: Adding input device HDA Intel Front Mic (/dev/input/event5)
[    27.593] (II) No input driver specified, ignoring this device.
[    27.593] (II) This device may have been added with another device file.
[    27.593] (II) config/udev: Adding input device HDA Intel Rear Mic (/dev/input/event6)
[    27.593] (II) No input driver specified, ignoring this device.
[    27.593] (II) This device may have been added with another device file.
[    27.595] (II) config/udev: Adding input device Logitech USB Optical Mouse (/dev/input/event2)
[    27.595] (**) Logitech USB Optical Mouse: Applying InputClass "libinput pointer catchall"
[    27.595] (II) Using input driver 'libinput' for 'Logitech USB Optical Mouse'
[    27.596] (II) systemd-logind: got fd for /dev/input/event2 13:66 fd 25 paused 0
[    27.596] (**) Logitech USB Optical Mouse: always reports core events
[    27.596] (**) Option "Device" "/dev/input/event2"
[    27.596] (**) Option "_source" "server/udev"
[    27.597] (II) event2  - Logitech USB Optical Mouse: is tagged by udev as: Mouse
[    27.597] (II) event2  - Logitech USB Optical Mouse: device is a pointer
[    27.597] (II) event2  - Logitech USB Optical Mouse: device removed
[    27.597] (**) Option "config_info" "udev:/sys/devices/pci0000:00/0000:00:1d.1/usb3/3-1/3-1:1.0/0003:046D:C077.0001/input/input5/event2"
[    27.597] (II) XINPUT: Adding extended input device "Logitech USB Optical Mouse" (type: MOUSE, id 8)
[    27.597] (**) Option "AccelerationScheme" "none"
[    27.597] (**) Logitech USB Optical Mouse: (accel) selected scheme none/0
[    27.597] (**) Logitech USB Optical Mouse: (accel) acceleration factor: 2.000
[    27.598] (**) Logitech USB Optical Mouse: (accel) acceleration threshold: 4
[    27.598] (II) event2  - Logitech USB Optical Mouse: is tagged by udev as: Mouse
[    27.598] (II) event2  - Logitech USB Optical Mouse: device is a pointer
[    27.599] (II) config/udev: Adding input device Logitech USB Optical Mouse (/dev/input/mouse0)
[    27.599] (II) No input driver specified, ignoring this device.
[    27.599] (II) This device may have been added with another device file.
[    27.600] (II) config/udev: Adding input device   USB Keyboard (/dev/input/event3)
[    27.600] (**)   USB Keyboard: Applying InputClass "libinput keyboard catchall"
[    27.600] (II) Using input driver 'libinput' for '  USB Keyboard'
[    27.601] (II) systemd-logind: got fd for /dev/input/event3 13:67 fd 26 paused 0
[    27.601] (**)   USB Keyboard: always reports core events
[    27.601] (**) Option "Device" "/dev/input/event3"
[    27.601] (**) Option "_source" "server/udev"
[    27.602] (II) event3  -   USB Keyboard: is tagged by udev as: Keyboard
[    27.602] (II) event3  -   USB Keyboard: device is a keyboard
[    27.602] (II) event3  -   USB Keyboard: device removed
[    27.602] (**) Option "config_info" "udev:/sys/devices/pci0000:00/0000:00:1d.1/usb3/3-2/3-2:1.0/0003:04D9:1503.0002/input/input6/event3"
[    27.602] (II) XINPUT: Adding extended input device "  USB Keyboard" (type: KEYBOARD, id 9)
[    27.602] (**) Option "xkb_layout" "us,ru"
[    27.602] (**) Option "xkb_variant" ","
[    27.603] (II) event3  -   USB Keyboard: is tagged by udev as: Keyboard
[    27.603] (II) event3  -   USB Keyboard: device is a keyboard
[    27.604] (II) config/udev: Adding input device   USB Keyboard (/dev/input/event4)
[    27.604] (**)   USB Keyboard: Applying InputClass "libinput keyboard catchall"
[    27.604] (II) Using input driver 'libinput' for '  USB Keyboard'
[    27.605] (II) systemd-logind: got fd for /dev/input/event4 13:68 fd 27 paused 0
[    27.605] (**)   USB Keyboard: always reports core events
[    27.605] (**) Option "Device" "/dev/input/event4"
[    27.605] (**) Option "_source" "server/udev"
[    27.606] (II) event4  -   USB Keyboard: is tagged by udev as: Keyboard
[    27.606] (II) event4  -   USB Keyboard: device is a keyboard
[    27.606] (II) event4  -   USB Keyboard: device removed
[    27.606] (**) Option "config_info" "udev:/sys/devices/pci0000:00/0000:00:1d.1/usb3/3-2/3-2:1.1/0003:04D9:1503.0003/input/input7/event4"
[    27.607] (II) XINPUT: Adding extended input device "  USB Keyboard" (type: KEYBOARD, id 10)
[    27.607] (**) Option "xkb_layout" "us,ru"
[    27.607] (**) Option "xkb_variant" ","
[    27.608] (II) event4  -   USB Keyboard: is tagged by udev as: Keyboard
[    27.608] (II) event4  -   USB Keyboard: device is a keyboard
[    31.070] (II) modeset(0): EDID vendor "ACI", prod id 8913
[    31.070] (II) modeset(0): Using EDID range info for horizontal sync
[    31.070] (II) modeset(0): Using EDID range info for vertical refresh
[    31.070] (II) modeset(0): Printing DDC gathered Modelines:
[    31.070] (II) modeset(0): Modeline "1680x1050"x0.0  146.00  1680 1960 2136 2240  1050 1053 1059 1089 -hsync +vsync (65.2 kHz eP)
[    31.070] (II) modeset(0): Modeline "800x600"x0.0   40.00  800 840 968 1056  600 601 605 628 +hsync +vsync (37.9 kHz e)
[    31.070] (II) modeset(0): Modeline "800x600"x0.0   36.00  800 824 896 1024  600 601 603 625 +hsync +vsync (35.2 kHz e)
[    31.070] (II) modeset(0): Modeline "640x480"x0.0   31.50  640 656 720 840  480 481 484 500 -hsync -vsync (37.5 kHz e)
[    31.070] (II) modeset(0): Modeline "640x480"x0.0   31.50  640 664 704 832  480 489 492 520 -hsync -vsync (37.9 kHz e)
[    31.070] (II) modeset(0): Modeline "640x480"x0.0   30.24  640 704 768 864  480 483 486 525 -hsync -vsync (35.0 kHz e)
[    31.070] (II) modeset(0): Modeline "640x480"x0.0   25.18  640 656 752 800  480 490 492 525 -hsync -vsync (31.5 kHz e)
[    31.070] (II) modeset(0): Modeline "720x400"x0.0   28.32  720 738 846 900  400 412 414 449 -hsync +vsync (31.5 kHz e)
[    31.070] (II) modeset(0): Modeline "1280x1024"x0.0  135.00  1280 1296 1440 1688  1024 1025 1028 1066 +hsync +vsync (80.0 kHz e)
[    31.070] (II) modeset(0): Modeline "1024x768"x0.0   78.75  1024 1040 1136 1312  768 769 772 800 +hsync +vsync (60.0 kHz e)
[    31.070] (II) modeset(0): Modeline "1024x768"x0.0   75.00  1024 1048 1184 1328  768 771 777 806 -hsync -vsync (56.5 kHz e)
[    31.070] (II) modeset(0): Modeline "1024x768"x0.0   65.00  1024 1048 1184 1344  768 771 777 806 -hsync -vsync (48.4 kHz e)
[    31.070] (II) modeset(0): Modeline "832x624"x0.0   57.28  832 864 928 1152  624 625 628 667 -hsync -vsync (49.7 kHz e)
[    31.070] (II) modeset(0): Modeline "800x600"x0.0   49.50  800 816 896 1056  600 601 604 625 +hsync +vsync (46.9 kHz e)
[    31.070] (II) modeset(0): Modeline "800x600"x0.0   50.00  800 856 976 1040  600 637 643 666 +hsync +vsync (48.1 kHz e)
[    31.070] (II) modeset(0): Modeline "1152x864"x0.0  108.00  1152 1216 1344 1600  864 865 868 900 +hsync +vsync (67.5 kHz e)
[    31.070] (II) modeset(0): Modeline "1280x960"x0.0  108.00  1280 1376 1488 1800  960 961 964 1000 +hsync +vsync (60.0 kHz e)
[    31.070] (II) modeset(0): Modeline "1280x1024"x0.0  108.00  1280 1328 1440 1688  1024 1025 1028 1066 +hsync +vsync (64.0 kHz e)
[    31.070] (II) modeset(0): Modeline "1440x900"x0.0  106.50  1440 1520 1672 1904  900 903 909 934 -hsync +vsync (55.9 kHz e)
[    31.070] (II) modeset(0): Modeline "1680x1050"x0.0  146.25  1680 1784 1960 2240  1050 1053 1059 1089 -hsync +vsync (65.3 kHz e)
[    31.070] (II) modeset(0): Modeline "1280x800"x0.0   83.50  1280 1352 1480 1680  800 803 809 831 -hsync +vsync (49.7 kHz e)
[    31.154] (II) modeset(0): EDID vendor "ACI", prod id 8913
[    31.154] (II) modeset(0): Using hsync ranges from config file
[    31.154] (II) modeset(0): Using vrefresh ranges from config file
[    31.154] (II) modeset(0): Printing DDC gathered Modelines:
[    31.154] (II) modeset(0): Modeline "1680x1050"x0.0  146.00  1680 1960 2136 2240  1050 1053 1059 1089 -hsync +vsync (65.2 kHz eP)
[    31.154] (II) modeset(0): Modeline "800x600"x0.0   40.00  800 840 968 1056  600 601 605 628 +hsync +vsync (37.9 kHz e)
[    31.154] (II) modeset(0): Modeline "800x600"x0.0   36.00  800 824 896 1024  600 601 603 625 +hsync +vsync (35.2 kHz e)
[    31.154] (II) modeset(0): Modeline "640x480"x0.0   31.50  640 656 720 840  480 481 484 500 -hsync -vsync (37.5 kHz e)
[    31.154] (II) modeset(0): Modeline "640x480"x0.0   31.50  640 664 704 832  480 489 492 520 -hsync -vsync (37.9 kHz e)
[    31.154] (II) modeset(0): Modeline "640x480"x0.0   30.24  640 704 768 864  480 483 486 525 -hsync -vsync (35.0 kHz e)
[    31.154] (II) modeset(0): Modeline "640x480"x0.0   25.18  640 656 752 800  480 490 492 525 -hsync -vsync (31.5 kHz e)
[    31.154] (II) modeset(0): Modeline "720x400"x0.0   28.32  720 738 846 900  400 412 414 449 -hsync +vsync (31.5 kHz e)
[    31.154] (II) modeset(0): Modeline "1280x1024"x0.0  135.00  1280 1296 1440 1688  1024 1025 1028 1066 +hsync +vsync (80.0 kHz e)
[    31.154] (II) modeset(0): Modeline "1024x768"x0.0   78.75  1024 1040 1136 1312  768 769 772 800 +hsync +vsync (60.0 kHz e)
[    31.154] (II) modeset(0): Modeline "1024x768"x0.0   75.00  1024 1048 1184 1328  768 771 777 806 -hsync -vsync (56.5 kHz e)
[    31.154] (II) modeset(0): Modeline "1024x768"x0.0   65.00  1024 1048 1184 1344  768 771 777 806 -hsync -vsync (48.4 kHz e)
[    31.154] (II) modeset(0): Modeline "832x624"x0.0   57.28  832 864 928 1152  624 625 628 667 -hsync -vsync (49.7 kHz e)
[    31.154] (II) modeset(0): Modeline "800x600"x0.0   49.50  800 816 896 1056  600 601 604 625 +hsync +vsync (46.9 kHz e)
[    31.154] (II) modeset(0): Modeline "800x600"x0.0   50.00  800 856 976 1040  600 637 643 666 +hsync +vsync (48.1 kHz e)
[    31.154] (II) modeset(0): Modeline "1152x864"x0.0  108.00  1152 1216 1344 1600  864 865 868 900 +hsync +vsync (67.5 kHz e)
[    31.154] (II) modeset(0): Modeline "1280x960"x0.0  108.00  1280 1376 1488 1800  960 961 964 1000 +hsync +vsync (60.0 kHz e)
[    31.155] (II) modeset(0): Modeline "1280x1024"x0.0  108.00  1280 1328 1440 1688  1024 1025 1028 1066 +hsync +vsync (64.0 kHz e)
[    31.155] (II) modeset(0): Modeline "1440x900"x0.0  106.50  1440 1520 1672 1904  900 903 909 934 -hsync +vsync (55.9 kHz e)
[    31.155] (II) modeset(0): Modeline "1680x1050"x0.0  146.25  1680 1784 1960 2240  1050 1053 1059 1089 -hsync +vsync (65.3 kHz e)
[    31.155] (II) modeset(0): Modeline "1280x800"x0.0   83.50  1280 1352 1480 1680  800 803 809 831 -hsync +vsync (49.7 kHz e)
